<?xml version="1.0" encoding="UTF-8"?>
<testsuite xmlns:xsi="http://www.w3.org/2001/XMLSchema-instance" xsi:noNamespaceSchemaLocation="https://maven.apache.org/surefire/maven-surefire-plugin/xsd/surefire-test-report-3.0.xsd" version="3.0" name="StepDefinition.TestRunner" time="0.616" tests="1" errors="0" skipped="0" failures="0">
  <properties>
[...]
</properties>
  <testcase name="check login successful" classname="Feature to test login scenario" time="0.277">
    <system-out><![CDATA[
@tag @firstTag
Scenario Outline: check login successful # src/test/resources/Features/login.feature:14
user on login page
  Given user on login page               # StepDefinition.loginSteps.user_on_login_page()
user enters name1 and pass1
  And user enters name1 and pass1        # StepDefinition.loginSteps.user_enters_name1_and_pass1()
click  on login button
  When click  on login button            # StepDefinition.loginSteps.click_on_login_button()
user nevigate to home page
  And user nevigate to home page         # StepDefinition.loginSteps.user_nevigate_to_home_page()
]]></system-out>
    <system-err><![CDATA[Dec 16, 2023 12:54:20 AM io.cucumber.core.options.CucumberPropertiesParser parse
WARNING: Passing commandline options via the property `cucumber.options` has been deprecatedin favour of explicitly using property names.
Please use these instead: [cucumber.ansi-colors.disabled, cucumber.execution.dry-run, cucumber.execution.limit, cucumber.execution.order, cucumber.execution.strict, cucumber.execution.wip, cucumber.features, cucumber.filter.name, cucumber.filter.tags, cucumber.glue, cucumber.object-factory, cucumber.plugin, cucumber.snippet-type]
Dec 16, 2023 12:54:20 AM io.cucumber.junit.Cucumber <init>
WARNING: By default Cucumber is running in --non-strict mode.
This default will change to --strict and --non-strict will be removed.
You can use --strict or @CucumberOptions(strict = true) to suppress this warning
]]></system-err>
  </testcase>
</testsuite>